<component name="libraryTable">
  <library name="junit-3.8">
    <CLASSES>
      <root url="jar://$USER_HOME$/.gradle/caches/artifacts-26/filestore/junit/junit/3.8/jar/b4cd87d6abbc43078ffc915c7181e4c8961e5b7b/junit-3.8.jar!/" />
    </CLASSES>
    <JAVADOC />
    <SOURCES />
  </library>
</component>